<?xml version="1.0" encoding="utf-8"?><testsuites name="pytest tests"><testsuite name="pytest" errors="0" failures="0" skipped="0" tests="16" time="3.626" timestamp="2026-09-11T11:09:13.563594+00:00" hostname="agent-env-be06a55b-cbee-485f-9fb6-eedac1756f36"><testcase classname="tests.test_sort_backup.TestTransactionSort" name="test_default_sort_is_date_desc" time="0.698" /><testcase classname="tests.test_sort_backup.TestTransactionSort" name="test_sort_date_desc" time="0.075" /><testcase classname="tests.test_sort_backup.TestTransactionSort" name="test_sort_date_asc" time="0.077" /><testcase classname="tests.test_sort_backup.TestTransactionSort" name="test_sort_amount_desc" time="0.078" /><testcase classname="tests.test_sort_backup.TestTransactionSort" name="test_sort_amount_asc" time="0.075" /><testcase classname="tests.test_sort_backup.TestTransactionSort" name="test_sort_category_asc" time="0.075" /><testcase classname="tests.test_sort_backup.TestTransactionSort" name="test_unknown_sort_falls_back_to_date_desc" time="0.076" /><testcase classname="tests.test_sort_backup.TestExport" name="test_export_shape" time="0.088" /><testcase classname="tests.test_sort_backup.TestExport" name="test_export_excludes_mongo_id" time="0.079" /><testcase classname="tests.test_sort_backup.TestImportMergeRoundTrip" name="test_export_import_merge_idempotent" time="0.259" /><testcase classname="tests.test_sort_backup.TestImportMergeRoundTrip" name="test_delete_then_merge_restores" time="0.469" /><testcase classname="tests.test_sort_backup.TestImportReplace" name="test_replace_mode_wipes_and_restores" time="0.331" /><testcase classname="tests.test_sort_backup.TestImportMalformed" name="test_malformed_nondict_items_rejected_gracefully" time="0.148" /><testcase classname="tests.test_sort_backup.TestImportMalformed" name="test_import_dict_without_id_gets_uuid" time="0.379" /><testcase classname="tests.test_sort_backup.TestImportMalformed" name="test_import_wrong_shape_returns_422" time="0.152" /><testcase classname="tests.test_sort_backup.TestImportMalformed" name="test_empty_bundle_ok" time="0.478" /></testsuite></testsuites>