<?xml version="1.0" encoding="utf-8"?><testsuites name="pytest tests"><testsuite name="pytest" errors="0" failures="0" skipped="0" tests="51" time="8.764" timestamp="2026-09-11T11:10:00.260004+00:00" hostname="agent-env-be06a55b-cbee-485f-9fb6-eedac1756f36"><testcase classname="tests.backend_test" name="test_root" time="0.239" /><testcase classname="tests.backend_test.TestTransactions" name="test_create_income" time="0.077" /><testcase classname="tests.backend_test.TestTransactions" name="test_create_expense_business" time="0.073" /><testcase classname="tests.backend_test.TestTransactions" name="test_create_expense_personal_consumption" time="0.072" /><testcase classname="tests.backend_test.TestTransactions" name="test_list_all" time="0.075" /><testcase classname="tests.backend_test.TestTransactions" name="test_filter_by_type" time="0.074" /><testcase classname="tests.backend_test.TestTransactions" name="test_filter_by_scope" time="0.072" /><testcase classname="tests.backend_test.TestTransactions" name="test_filter_by_category" time="0.073" /><testcase classname="tests.backend_test.TestTransactions" name="test_search_q" time="0.074" /><testcase classname="tests.backend_test.TestTransactions" name="test_delete_transaction" time="0.074" /><testcase classname="tests.backend_test.TestTransactions" name="test_delete_missing" time="0.073" /><testcase classname="tests.backend_test.TestAssets" name="test_create_asset" time="0.072" /><testcase classname="tests.backend_test.TestAssets" name="test_list_assets" time="0.074" /><testcase classname="tests.backend_test.TestAssets" name="test_update_asset" time="0.157" /><testcase classname="tests.backend_test.TestAssets" name="test_update_missing_asset" time="0.073" /><testcase classname="tests.backend_test.TestAssets" name="test_delete_asset_deferred" time="0.000" /><testcase classname="tests.backend_test.TestBills" name="test_create_bill_upcoming" time="0.078" /><testcase classname="tests.backend_test.TestBills" name="test_create_bill_far" time="0.071" /><testcase classname="tests.backend_test.TestBills" name="test_list_bills" time="0.070" /><testcase classname="tests.backend_test.TestBills" name="test_update_bill" time="0.073" /><testcase classname="tests.backend_test.TestBills" name="test_upcoming_bills_days_left" time="0.072" /><testcase classname="tests.backend_test.TestBills" name="test_upcoming_bills_days_31" time="0.069" /><testcase classname="tests.backend_test.TestBills" name="test_delete_bill" time="0.140" /><testcase classname="tests.backend_test.TestBills" name="test_delete_missing_bill" time="0.069" /><testcase classname="tests.backend_test.TestContacts" name="test_create_contact" time="0.070" /><testcase classname="tests.backend_test.TestContacts" name="test_list_contacts" time="0.070" /><testcase classname="tests.backend_test.TestContacts" name="test_search_contact_by_name" time="0.071" /><testcase classname="tests.backend_test.TestContacts" name="test_search_contact_by_phone" time="0.070" /><testcase classname="tests.backend_test.TestContacts" name="test_update_contact" time="0.077" /><testcase classname="tests.backend_test.TestContacts" name="test_delete_contact" time="0.072" /><testcase classname="tests.backend_test.TestContacts" name="test_delete_missing_contact" time="0.067" /><testcase classname="tests.backend_test.TestSummary" name="test_summary_all" time="0.084" /><testcase classname="tests.backend_test.TestSummary" name="test_summary_business_scope" time="0.138" /><testcase classname="tests.backend_test.TestAI" name="test_ai_tips" time="2.598" /><testcase classname="tests.backend_test" name="test_zzz_cleanup" time="0.354" /><testcase classname="tests.test_sort_backup.TestTransactionSort" name="test_default_sort_is_date_desc" time="0.486" /><testcase classname="tests.test_sort_backup.TestTransactionSort" name="test_sort_date_desc" time="0.066" /><testcase classname="tests.test_sort_backup.TestTransactionSort" name="test_sort_date_asc" time="0.068" /><testcase classname="tests.test_sort_backup.TestTransactionSort" name="test_sort_amount_desc" time="0.072" /><testcase classname="tests.test_sort_backup.TestTransactionSort" name="test_sort_amount_asc" time="0.068" /><testcase classname="tests.test_sort_backup.TestTransactionSort" name="test_sort_category_asc" time="0.067" /><testcase classname="tests.test_sort_backup.TestTransactionSort" name="test_unknown_sort_falls_back_to_date_desc" time="0.068" /><testcase classname="tests.test_sort_backup.TestExport" name="test_export_shape" time="0.074" /><testcase classname="tests.test_sort_backup.TestExport" name="test_export_excludes_mongo_id" time="0.071" /><testcase classname="tests.test_sort_backup.TestImportMergeRoundTrip" name="test_export_import_merge_idempotent" time="0.231" /><testcase classname="tests.test_sort_backup.TestImportMergeRoundTrip" name="test_delete_then_merge_restores" time="0.427" /><testcase classname="tests.test_sort_backup.TestImportReplace" name="test_replace_mode_wipes_and_restores" time="0.307" /><testcase classname="tests.test_sort_backup.TestImportMalformed" name="test_malformed_nondict_items_rejected_gracefully" time="0.134" /><testcase classname="tests.test_sort_backup.TestImportMalformed" name="test_import_dict_without_id_gets_uuid" time="0.345" /><testcase classname="tests.test_sort_backup.TestImportMalformed" name="test_import_wrong_shape_returns_422" time="0.134" /><testcase classname="tests.test_sort_backup.TestImportMalformed" name="test_empty_bundle_ok" time="0.411" /></testsuite></testsuites>