<?xml version="1.0" encoding="utf-8"?><testsuites name="pytest tests"><testsuite name="pytest" errors="0" failures="0" skipped="0" tests="8" time="2.708" timestamp="2026-09-13T18:40:47.420593+00:00" hostname="agent-env-9ee39dc0-195a-4d7c-b9c2-591d49252978"><testcase classname="tests.test_schedules.TestScheduleCRUD" name="test_create_schedule" time="0.275" /><testcase classname="tests.test_schedules.TestScheduleCRUD" name="test_list_schedules_has_days_left" time="0.164" /><testcase classname="tests.test_schedules.TestScheduleCRUD" name="test_update_schedule_edit_and_toggle_done" time="0.206" /><testcase classname="tests.test_schedules.TestScheduleCRUD" name="test_delete_schedule" time="0.263" /><testcase classname="tests.test_schedules.TestScheduleReorder" name="test_reorder" time="0.333" /><testcase classname="tests.test_schedules.TestDaysLeftComputation" name="test_days_left_values" time="0.312" /><testcase classname="tests.test_schedules.TestScheduleErrors" name="test_update_missing_returns_404" time="0.064" /><testcase classname="tests.test_schedules.TestScheduleErrors" name="test_create_missing_required_fields" time="1.029" /></testsuite></testsuites>